<?xml version='1.0' encoding='UTF-8'?>
<!DOCTYPE coverage SYSTEM 'http://cobertura.sourceforge.net/xml/coverage-04.dtd'>
<coverage line-rate="0.4547848990342406" branch-rate="0.0" lines-covered="518" lines-valid="1139" branches-covered="0" branches-valid="0" complexity="0.0" timestamp="1671003650" version="gcovr 5.0"><sources><source>.</source></sources><packages><package name="src" line-rate="0.4547848990342406" branch-rate="0.0" complexity="0.0"><classes><class name="esp_modem_api_cpp" filename="src/esp_modem_api.cpp" line-rate="0.4117647058823529" branch-rate="0.0" complexity="0.0"><methods/><lines><line number="26" hits="0" branch="false"/><line number="28" hits="0" branch="false"/><line number="36" hits="42" branch="false"/><line number="38" hits="42" branch="false"/><line number="39" hits="42" branch="false"/><line number="44" hits="30" branch="false"/><line number="46" hits="60" branch="false"/><line number="49" hits="0" branch="false"/><line number="51" hits="0" branch="false"/><line number="54" hits="0" branch="false"/><line number="56" hits="0" branch="false"/><line number="59" hits="0" branch="false"/><line number="61" hits="0" branch="false"/><line number="64" hits="12" branch="false"/><line number="66" hits="24" branch="false"/><line number="69" hits="0" branch="false"/><line number="71" hits="0" branch="false"/></lines></class><class name="esp_modem_c_api_cpp" filename="src/esp_modem_c_api.cpp" line-rate="0.0" branch-rate="0.0" complexity="0.0"><methods/><lines><line number="31" hits="0" branch="false"/><line number="33" hits="0" branch="false"/><line number="34" hits="0" branch="false"/><line number="37" hits="0" branch="false"/><line number="38" hits="0" branch="false"/><line number="39" hits="0" branch="false"/><line number="40" hits="0" branch="false"/><line number="42" hits="0" branch="false"/><line number="43" hits="0" branch="false"/><line number="44" hits="0" branch="false"/><line number="45" hits="0" branch="false"/><line number="46" hits="0" branch="false"/><line number="47" hits="0" branch="false"/><line number="49" hits="0" branch="false"/><line number="50" hits="0" branch="false"/><line number="51" hits="0" branch="false"/><line number="54" hits="0" branch="false"/><line number="56" hits="0" branch="false"/><line number="59" hits="0" branch="false"/><line number="61" hits="0" branch="false"/><line number="62" hits="0" branch="false"/><line number="63" hits="0" branch="false"/><line number="67" hits="0" branch="false"/><line number="69" hits="0" branch="false"/><line number="73" hits="0" branch="false"/><line number="74" hits="0" branch="false"/><line number="75" hits="0" branch="false"/><line number="78" hits="0" branch="false"/><line number="83" hits="0" branch="false"/><line number="85" hits="0" branch="false"/><line number="88" hits="0" branch="false"/><line number="91" hits="0" branch="false"/><line number="93" hits="0" branch="false"/><line number="96" hits="0" branch="false"/><line number="97" hits="0" branch="false"/><line number="98" hits="0" branch="false"/><line number="99" hits="0" branch="false"/><line number="100" hits="0" branch="false"/><line number="101" hits="0" branch="false"/><line number="102" hits="0" branch="false"/><line number="103" hits="0" branch="false"/><line number="104" hits="0" branch="false"/><line number="105" hits="0" branch="false"/><line number="106" hits="0" branch="false"/><line number="107" hits="0" branch="false"/><line number="108" hits="0" branch="false"/><line number="109" hits="0" branch="false"/><line number="110" hits="0" branch="false"/><line number="111" hits="0" branch="false"/><line number="112" hits="0" branch="false"/><line number="117" hits="0" branch="false"/><line number="119" hits="0" branch="false"/><line number="123" hits="0" branch="false"/><line number="126" hits="0" branch="false"/><line number="128" hits="0" branch="false"/><line number="132" hits="0" branch="false"/><line number="135" hits="0" branch="false"/><line number="137" hits="0" branch="false"/><line number="140" hits="0" branch="false"/><line number="141" hits="0" branch="false"/><line number="142" hits="0" branch="false"/><line number="145" hits="0" branch="false"/><line number="147" hits="0" branch="false"/><line number="151" hits="0" branch="false"/><line number="154" hits="0" branch="false"/><line number="156" hits="0" branch="false"/><line number="159" hits="0" branch="false"/><line number="160" hits="0" branch="false"/><line number="163" hits="0" branch="false"/><line number="165" hits="0" branch="false"/><line number="168" hits="0" branch="false"/><line number="169" hits="0" branch="false"/><line number="170" hits="0" branch="false"/><line number="171" hits="0" branch="false"/><line number="172" hits="0" branch="false"/><line number="174" hits="0" branch="false"/><line number="177" hits="0" branch="false"/><line number="179" hits="0" branch="false"/><line number="182" hits="0" branch="false"/><line number="185" hits="0" branch="false"/><line number="187" hits="0" branch="false"/><line number="190" hits="0" branch="false"/><line number="191" hits="0" branch="false"/><line number="192" hits="0" branch="false"/><line number="193" hits="0" branch="false"/><line number="195" hits="0" branch="false"/><line number="198" hits="0" branch="false"/><line number="200" hits="0" branch="false"/><line number="203" hits="0" branch="false"/><line number="206" hits="0" branch="false"/><line number="208" hits="0" branch="false"/><line number="211" hits="0" branch="false"/><line number="214" hits="0" branch="false"/><line number="216" hits="0" branch="false"/><line number="219" hits="0" branch="false"/><line number="220" hits="0" branch="false"/><line number="221" hits="0" branch="false"/><line number="222" hits="0" branch="false"/><line number="224" hits="0" branch="false"/><line number="227" hits="0" branch="false"/><line number="229" hits="0" branch="false"/><line number="232" hits="0" branch="false"/><line number="233" hits="0" branch="false"/><line number="234" hits="0" branch="false"/><line number="235" hits="0" branch="false"/><line number="236" hits="0" branch="false"/><line number="237" hits="0" branch="false"/><line number="239" hits="0" branch="false"/><line number="242" hits="0" branch="false"/><line number="244" hits="0" branch="false"/><line number="247" hits="0" branch="false"/><line number="248" hits="0" branch="false"/><line number="249" hits="0" branch="false"/><line number="250" hits="0" branch="false"/><line number="252" hits="0" branch="false"/><line number="255" hits="0" branch="false"/><line number="257" hits="0" branch="false"/><line number="260" hits="0" branch="false"/><line number="261" hits="0" branch="false"/><line number="262" hits="0" branch="false"/><line number="263" hits="0" branch="false"/><line number="264" hits="0" branch="false"/><line number="265" hits="0" branch="false"/><line number="270" hits="0" branch="false"/><line number="272" hits="0" branch="false"/><line number="275" hits="0" branch="false"/><line number="278" hits="0" branch="false"/><line number="280" hits="0" branch="false"/><line number="283" hits="0" branch="false"/><line number="284" hits="0" branch="false"/><line number="287" hits="0" branch="false"/><line number="289" hits="0" branch="false"/><line number="292" hits="0" branch="false"/><line number="295" hits="0" branch="false"/><line number="297" hits="0" branch="false"/><line number="300" hits="0" branch="false"/><line number="301" hits="0" branch="false"/><line number="302" hits="0" branch="false"/><line number="303" hits="0" branch="false"/><line number="308" hits="0" branch="false"/><line number="310" hits="0" branch="false"/><line number="313" hits="0" branch="false"/><line number="316" hits="0" branch="false"/><line number="318" hits="0" branch="false"/><line number="321" hits="0" branch="false"/><line number="322" hits="0" branch="false"/><line number="323" hits="0" branch="false"/><line number="324" hits="0" branch="false"/><line number="329" hits="0" branch="false"/><line number="331" hits="0" branch="false"/><line number="334" hits="0" branch="false"/><line number="337" hits="0" branch="false"/><line number="339" hits="0" branch="false"/><line number="342" hits="0" branch="false"/><line number="345" hits="0" branch="false"/><line number="347" hits="0" branch="false"/><line number="350" hits="0" branch="false"/><line number="351" hits="0" branch="false"/><line number="354" hits="0" branch="false"/><line number="356" hits="0" branch="false"/><line number="359" hits="0" branch="false"/><line number="360" hits="0" branch="false"/><line number="361" hits="0" branch="false"/><line number="362" hits="0" branch="false"/><line number="367" hits="0" branch="false"/><line number="369" hits="0" branch="false"/><line number="372" hits="0" branch="false"/><line number="375" hits="0" branch="false"/><line number="377" hits="0" branch="false"/><line number="380" hits="0" branch="false"/><line number="381" hits="0" branch="false"/><line number="382" hits="0" branch="false"/><line number="383" hits="0" branch="false"/><line number="388" hits="0" branch="false"/><line number="390" hits="0" branch="false"/><line number="393" hits="0" branch="false"/><line number="395" hits="0" branch="false"/><line number="398" hits="0" branch="false"/><line number="399" hits="0" branch="false"/><line number="400" hits="0" branch="false"/><line number="401" hits="0" branch="false"/><line number="404" hits="0" branch="false"/><line number="406" hits="0" branch="false"/><line number="409" hits="0" branch="false"/><line number="410" hits="0" branch="false"/><line number="411" hits="0" branch="false"/><line number="414" hits="0" branch="false"/><line number="415" hits="0" branch="false"/><line number="416" hits="0" branch="false"/><line number="417" hits="0" branch="false"/></lines></class><class name="esp_modem_cmux_cpp" filename="src/esp_modem_cmux.cpp" line-rate="0.8468085106382979" branch-rate="0.0" complexity="0.0"><methods/><lines><line number="56" hits="162" branch="false"/><line number="59" hits="162" branch="false"/><line number="61" hits="648" branch="false"/><line number="62" hits="486" branch="false"/><line number="64" hits="4374" branch="false"/><line number="65" hits="3888" branch="false"/><line number="66" hits="2184" branch="false"/><line number="68" hits="1704" branch="false"/><line number="73" hits="162" branch="false"/><line number="76" hits="18" branch="false"/><line number="78" hits="18" branch="false"/><line number="79" hits="6" branch="false"/><line number="82" hits="12" branch="false"/><line number="84" hits="12" branch="false"/><line number="87" hits="12" branch="false"/><line number="88" hits="12" branch="false"/><line number="89" hits="24" branch="false"/><line number="91" hits="18" branch="false"/><line number="93" hits="54" branch="false"/><line number="95" hits="54" branch="false"/><line number="96" hits="54" branch="false"/><line number="97" hits="54" branch="false"/><line number="98" hits="54" branch="false"/><line number="99" hits="54" branch="false"/><line number="100" hits="54" branch="false"/><line number="101" hits="54" branch="false"/><line number="102" hits="108" branch="false"/><line number="103" hits="54" branch="false"/><line number="111" hits="336" branch="false"/><line number="112" hits="336" branch="false"/><line number="116" hits="5862" branch="false"/><line number="118" hits="5862" branch="false"/><line number="119" hits="5688" branch="false"/><line number="120" hits="5688" branch="false"/><line number="123" hits="5688" branch="false"/><line number="124" hits="96" branch="false"/><line number="125" hits="96" branch="false"/><line number="127" hits="5688" branch="false"/><line number="132" hits="174" branch="false"/><line number="133" hits="66" branch="false"/><line number="134" hits="132" branch="false"/><line number="135" hits="108" branch="false"/><line number="136" hits="102" branch="false"/><line number="137" hits="102" branch="false"/><line number="139" hits="96" branch="false"/><line number="142" hits="6" branch="false"/><line number="143" hits="6" branch="false"/><line number="145" hits="0" branch="false"/><line number="147" hits="12" branch="false"/><line number="148" hits="6" branch="false"/><line number="152" hits="168" branch="false"/><line number="154" hits="168" branch="false"/><line number="155" hits="0" branch="false"/><line number="156" hits="0" branch="false"/><line number="157" hits="0" branch="false"/><line number="159" hits="168" branch="false"/><line number="161" hits="0" branch="false"/><line number="162" hits="0" branch="false"/><line number="164" hits="168" branch="false"/><line number="165" hits="336" branch="false"/><line number="166" hits="168" branch="false"/><line number="167" hits="168" branch="false"/><line number="170" hits="0" branch="false"/><line number="172" hits="0" branch="false"/><line number="173" hits="0" branch="false"/><line number="175" hits="0" branch="false"/><line number="176" hits="0" branch="false"/><line number="178" hits="0" branch="false"/><line number="179" hits="0" branch="false"/><line number="180" hits="0" branch="false"/><line number="181" hits="0" branch="false"/><line number="182" hits="0" branch="false"/><line number="183" hits="0" branch="false"/><line number="184" hits="0" branch="false"/><line number="186" hits="0" branch="false"/><line number="188" hits="0" branch="false"/><line number="195" hits="222" branch="false"/><line number="197" hits="222" branch="false"/><line number="199" hits="0" branch="false"/><line number="200" hits="0" branch="false"/><line number="202" hits="222" branch="false"/><line number="203" hits="36" branch="false"/><line number="204" hits="36" branch="false"/><line number="205" hits="36" branch="false"/><line number="207" hits="186" branch="false"/><line number="208" hits="186" branch="false"/><line number="209" hits="186" branch="false"/><line number="210" hits="48" branch="false"/><line number="211" hits="18" branch="false"/><line number="212" hits="18" branch="false"/><line number="214" hits="30" branch="false"/><line number="215" hits="30" branch="false"/><line number="216" hits="30" branch="false"/><line number="217" hits="30" branch="false"/><line number="219" hits="138" branch="false"/><line number="220" hits="138" branch="false"/><line number="222" hits="168" branch="false"/><line number="223" hits="168" branch="false"/><line number="224" hits="168" branch="false"/><line number="225" hits="336" branch="false"/><line number="226" hits="168" branch="false"/><line number="227" hits="168" branch="false"/><line number="230" hits="5760" branch="false"/><line number="232" hits="5760" branch="false"/><line number="233" hits="5760" branch="false"/><line number="234" hits="5592" branch="false"/><line number="235" hits="5592" branch="false"/><line number="236" hits="5592" branch="false"/><line number="237" hits="5592" branch="false"/><line number="239" hits="168" branch="false"/><line number="240" hits="102" branch="false"/><line number="242" hits="336" branch="false"/><line number="243" hits="168" branch="false"/><line number="244" hits="168" branch="false"/><line number="246" hits="168" branch="false"/><line number="249" hits="192" branch="false"/><line number="251" hits="192" branch="false"/><line number="252" hits="192" branch="false"/><line number="253" hits="24" branch="false"/><line number="254" hits="24" branch="false"/><line number="255" hits="24" branch="false"/><line number="257" hits="168" branch="false"/><line number="258" hits="168" branch="false"/><line number="259" hits="168" branch="false"/><line number="260" hits="0" branch="false"/><line number="261" hits="0" branch="false"/><line number="262" hits="0" branch="false"/><line number="263" hits="0" branch="false"/><line number="264" hits="0" branch="false"/><line number="266" hits="336" branch="false"/><line number="267" hits="168" branch="false"/><line number="268" hits="168" branch="false"/><line number="269" hits="168" branch="false"/><line number="270" hits="168" branch="false"/><line number="271" hits="168" branch="false"/><line number="273" hits="168" branch="false"/><line number="276" hits="5994" branch="false"/><line number="278" hits="5994" branch="false"/><line number="280" hits="5994" branch="false"/><line number="281" hits="5994" branch="false"/><line number="282" hits="5688" branch="false"/><line number="283" hits="5688" branch="false"/><line number="285" hits="612" branch="false"/><line number="287" hits="11988" branch="false"/><line number="293" hits="5994" branch="false"/><line number="294" hits="5994" branch="false"/><line number="295" hits="6666" branch="false"/><line number="296" hits="6342" branch="false"/><line number="297" hits="0" branch="false"/><line number="298" hits="0" branch="false"/><line number="302" hits="168" branch="false"/><line number="303" hits="168" branch="false"/><line number="307" hits="222" branch="false"/><line number="308" hits="222" branch="false"/><line number="312" hits="5760" branch="false"/><line number="313" hits="5760" branch="false"/><line number="317" hits="192" branch="false"/><line number="318" hits="192" branch="false"/><line number="327" hits="6" branch="false"/><line number="329" hits="6" branch="false"/><line number="330" hits="6" branch="false"/><line number="332" hits="18" branch="false"/><line number="333" hits="12" branch="false"/><line number="334" hits="12" branch="false"/><line number="335" hits="12" branch="false"/><line number="336" hits="12" branch="false"/><line number="337" hits="12" branch="false"/><line number="338" hits="12" branch="false"/><line number="339" hits="12" branch="false"/><line number="340" hits="24" branch="false"/><line number="342" hits="0" branch="false"/><line number="343" hits="0" branch="false"/><line number="347" hits="6" branch="false"/><line number="349" hits="6" branch="false"/><line number="350" hits="6" branch="false"/><line number="351" hits="6" branch="false"/><line number="352" hits="6" branch="false"/><line number="353" hits="6" branch="false"/><line number="354" hits="6" branch="false"/><line number="357" hits="0" branch="false"/><line number="358" hits="0" branch="false"/><line number="361" hits="18" branch="false"/><line number="362" hits="6" branch="false"/><line number="365" hits="18" branch="false"/><line number="367" hits="18" branch="false"/><line number="368" hits="18" branch="false"/><line number="369" hits="3015" branch="false"/><line number="370" hits="2997" branch="false"/><line number="371" hits="2997" branch="false"/><line number="372" hits="18" branch="false"/><line number="374" hits="18" branch="false"/><line number="375" hits="72" branch="false"/><line number="376" hits="54" branch="false"/><line number="377" hits="54" branch="false"/><line number="378" hits="54" branch="false"/><line number="379" hits="54" branch="false"/><line number="380" hits="54" branch="false"/><line number="381" hits="54" branch="false"/><line number="382" hits="54" branch="false"/><line number="383" hits="54" branch="false"/><line number="385" hits="0" branch="false"/><line number="386" hits="0" branch="false"/><line number="389" hits="54" branch="false"/><line number="390" hits="18" branch="false"/><line number="396" hits="96" branch="false"/><line number="398" hits="96" branch="false"/><line number="399" hits="96" branch="false"/><line number="400" hits="96" branch="false"/><line number="401" hits="96" branch="false"/><line number="402" hits="192" branch="false"/><line number="403" hits="96" branch="false"/><line number="404" hits="96" branch="false"/><line number="405" hits="0" branch="false"/><line number="407" hits="96" branch="false"/><line number="408" hits="96" branch="false"/><line number="409" hits="96" branch="false"/><line number="410" hits="96" branch="false"/><line number="411" hits="96" branch="false"/><line number="412" hits="96" branch="false"/><line number="413" hits="96" branch="false"/><line number="415" hits="192" branch="false"/><line number="416" hits="192" branch="false"/><line number="417" hits="192" branch="false"/><line number="418" hits="96" branch="false"/><line number="419" hits="96" branch="false"/><line number="420" hits="96" branch="false"/><line number="421" hits="96" branch="false"/><line number="422" hits="96" branch="false"/><line number="424" hits="192" branch="false"/><line number="427" hits="216" branch="false"/><line number="429" hits="216" branch="false"/><line number="430" hits="216" branch="false"/><line number="432" hits="216" branch="false"/><line number="434" hits="3" branch="false"/><line number="436" hits="3" branch="false"/></lines></class><class name="esp_modem_command_library_cpp" filename="src/esp_modem_command_library.cpp" line-rate="0.5286195286195287" branch-rate="0.0" complexity="0.0"><methods/><lines><line number="19" hits="138" branch="false"/><line number="24" hits="138" branch="false"/><line number="25" hits="207" branch="false"/><line number="26" hits="69" branch="false"/><line number="27" hits="69" branch="false"/><line number="30" hits="69" branch="false"/><line number="31" hits="213" branch="false"/><line number="32" hits="69" branch="false"/><line number="33" hits="63" branch="false"/><line number="35" hits="21" branch="false"/><line number="36" hits="6" branch="false"/><line number="37" hits="3" branch="false"/><line number="39" hits="3" branch="false"/><line number="40" hits="276" branch="false"/><line number="44" hits="120" branch="false"/><line number="48" hits="120" branch="false"/><line number="49" hits="360" branch="false"/><line number="50" hits="480" branch="false"/><line number="51" hits="240" branch="false"/><line number="54" hits="48" branch="false"/><line number="56" hits="48" branch="false"/><line number="57" hits="72" branch="false"/><line number="58" hits="24" branch="false"/><line number="59" hits="24" branch="false"/><line number="60" hits="66" branch="false"/><line number="61" hits="66" branch="false"/><line number="62" hits="588" branch="false"/><line number="63" hits="456" branch="false"/><line number="64" hits="42" branch="false"/><line number="66" hits="66" branch="false"/><line number="68" hits="132" branch="false"/><line number="69" hits="24" branch="false"/><line number="70" hits="84" branch="false"/><line number="72" hits="84" branch="false"/><line number="73" hits="24" branch="false"/><line number="75" hits="42" branch="false"/><line number="78" hits="96" branch="false"/><line number="81" hits="6" branch="false"/><line number="83" hits="6" branch="false"/><line number="84" hits="6" branch="false"/><line number="85" hits="6" branch="false"/><line number="86" hits="6" branch="false"/><line number="87" hits="6" branch="false"/><line number="89" hits="6" branch="false"/><line number="93" hits="84" branch="false"/><line number="95" hits="84" branch="false"/><line number="96" hits="168" branch="false"/><line number="99" hits="0" branch="false"/><line number="101" hits="0" branch="false"/><line number="102" hits="0" branch="false"/><line number="105" hits="0" branch="false"/><line number="107" hits="0" branch="false"/><line number="108" hits="0" branch="false"/><line number="111" hits="6" branch="false"/><line number="113" hits="6" branch="false"/><line number="114" hits="12" branch="false"/><line number="117" hits="0" branch="false"/><line number="119" hits="0" branch="false"/><line number="120" hits="0" branch="false"/><line number="123" hits="0" branch="false"/><line number="125" hits="0" branch="false"/><line number="126" hits="0" branch="false"/><line number="129" hits="0" branch="false"/><line number="131" hits="0" branch="false"/><line number="132" hits="0" branch="false"/><line number="135" hits="0" branch="false"/><line number="137" hits="0" branch="false"/><line number="138" hits="0" branch="false"/><line number="141" hits="0" branch="false"/><line number="143" hits="0" branch="false"/><line number="144" hits="0" branch="false"/><line number="147" hits="0" branch="false"/><line number="149" hits="0" branch="false"/><line number="150" hits="0" branch="false"/><line number="153" hits="6" branch="false"/><line number="155" hits="6" branch="false"/><line number="156" hits="6" branch="false"/><line number="157" hits="12" branch="false"/><line number="158" hits="6" branch="false"/><line number="162" hits="6" branch="false"/><line number="163" hits="6" branch="false"/><line number="167" hits="6" branch="false"/><line number="169" hits="18" branch="false"/><line number="170" hits="24" branch="false"/><line number="173" hits="12" branch="false"/><line number="174" hits="6" branch="false"/><line number="175" hits="6" branch="false"/><line number="176" hits="6" branch="false"/><line number="177" hits="6" branch="false"/><line number="181" hits="12" branch="false"/><line number="183" hits="18" branch="false"/><line number="184" hits="0" branch="false"/><line number="189" hits="6" branch="false"/><line number="191" hits="6" branch="false"/><line number="192" hits="6" branch="false"/><line number="193" hits="12" branch="false"/><line number="194" hits="6" branch="false"/><line number="198" hits="6" branch="false"/><line number="199" hits="6" branch="false"/><line number="200" hits="6" branch="false"/><line number="201" hits="6" branch="false"/><line number="202" hits="6" branch="false"/><line number="206" hits="6" branch="false"/><line number="207" hits="12" branch="false"/><line number="210" hits="18" branch="false"/><line number="213" hits="6" branch="false"/><line number="214" hits="6" branch="false"/><line number="215" hits="6" branch="false"/><line number="218" hits="0" branch="false"/><line number="220" hits="0" branch="false"/><line number="221" hits="0" branch="false"/><line number="224" hits="12" branch="false"/><line number="226" hits="12" branch="false"/><line number="227" hits="12" branch="false"/><line number="228" hits="24" branch="false"/><line number="229" hits="12" branch="false"/><line number="232" hits="12" branch="false"/><line number="233" hits="12" branch="false"/><line number="234" hits="36" branch="false"/><line number="236" hits="36" branch="false"/><line number="237" hits="12" branch="false"/><line number="238" hits="12" branch="false"/><line number="239" hits="12" branch="false"/><line number="240" hits="12" branch="false"/><line number="243" hits="12" branch="false"/><line number="244" hits="12" branch="false"/><line number="245" hits="12" branch="false"/><line number="246" hits="12" branch="false"/><line number="248" hits="12" branch="false"/><line number="250" hits="24" branch="false"/><line number="255" hits="36" branch="false"/><line number="257" hits="36" branch="false"/><line number="258" hits="36" branch="false"/><line number="259" hits="12" branch="false"/><line number="261" hits="60" branch="false"/><line number="264" hits="24" branch="false"/><line number="266" hits="24" branch="false"/><line number="267" hits="48" branch="false"/><line number="268" hits="72" branch="false"/><line number="269" hits="48" branch="false"/><line number="272" hits="24" branch="false"/><line number="274" hits="24" branch="false"/><line number="275" hits="48" branch="false"/><line number="278" hits="0" branch="false"/><line number="280" hits="0" branch="false"/><line number="281" hits="0" branch="false"/><line number="284" hits="6" branch="false"/><line number="286" hits="6" branch="false"/><line number="287" hits="12" branch="false"/><line number="290" hits="18" branch="false"/><line number="292" hits="18" branch="false"/><line number="293" hits="36" branch="false"/><line number="294" hits="54" branch="false"/><line number="295" hits="54" branch="false"/><line number="298" hits="0" branch="false"/><line number="300" hits="0" branch="false"/><line number="301" hits="0" branch="false"/><line number="304" hits="0" branch="false"/><line number="306" hits="0" branch="false"/><line number="307" hits="0" branch="false"/><line number="310" hits="6" branch="false"/><line number="312" hits="6" branch="false"/><line number="313" hits="12" branch="false"/><line number="316" hits="0" branch="false"/><line number="318" hits="0" branch="false"/><line number="319" hits="0" branch="false"/><line number="320" hits="0" branch="false"/><line number="322" hits="0" branch="false"/><line number="325" hits="0" branch="false"/><line number="328" hits="0" branch="false"/><line number="329" hits="0" branch="false"/><line number="332" hits="0" branch="false"/><line number="334" hits="0" branch="false"/><line number="335" hits="0" branch="false"/><line number="336" hits="0" branch="false"/><line number="337" hits="0" branch="false"/><line number="338" hits="0" branch="false"/><line number="339" hits="0" branch="false"/><line number="342" hits="0" branch="false"/><line number="343" hits="0" branch="false"/><line number="346" hits="0" branch="false"/><line number="350" hits="18" branch="false"/><line number="352" hits="18" branch="false"/><line number="353" hits="36" branch="false"/><line number="356" hits="12" branch="false"/><line number="358" hits="12" branch="false"/><line number="359" hits="12" branch="false"/><line number="360" hits="24" branch="false"/><line number="361" hits="12" branch="false"/><line number="364" hits="24" branch="false"/><line number="367" hits="30" branch="false"/><line number="368" hits="6" branch="false"/><line number="369" hits="6" branch="false"/><line number="371" hits="12" branch="false"/><line number="372" hits="6" branch="false"/><line number="373" hits="6" branch="false"/><line number="378" hits="6" branch="false"/><line number="380" hits="6" branch="false"/><line number="381" hits="6" branch="false"/><line number="382" hits="6" branch="false"/><line number="385" hits="0" branch="false"/><line number="387" hits="0" branch="false"/><line number="388" hits="0" branch="false"/><line number="389" hits="0" branch="false"/><line number="392" hits="6" branch="false"/><line number="394" hits="6" branch="false"/><line number="395" hits="6" branch="false"/><line number="396" hits="12" branch="false"/><line number="397" hits="6" branch="false"/><line number="401" hits="6" branch="false"/><line number="402" hits="6" branch="false"/><line number="403" hits="6" branch="false"/><line number="404" hits="6" branch="false"/><line number="405" hits="6" branch="false"/><line number="409" hits="12" branch="false"/><line number="412" hits="18" branch="false"/><line number="413" hits="0" branch="false"/><line number="418" hits="0" branch="false"/><line number="420" hits="0" branch="false"/><line number="421" hits="0" branch="false"/><line number="424" hits="0" branch="false"/><line number="426" hits="0" branch="false"/><line number="427" hits="0" branch="false"/><line number="430" hits="0" branch="false"/><line number="432" hits="0" branch="false"/><line number="433" hits="0" branch="false"/><line number="434" hits="0" branch="false"/><line number="435" hits="0" branch="false"/><line number="438" hits="0" branch="false"/><line number="439" hits="0" branch="false"/><line number="440" hits="0" branch="false"/><line number="444" hits="0" branch="false"/><line number="445" hits="0" branch="false"/><line number="451" hits="0" branch="false"/><line number="453" hits="0" branch="false"/><line number="454" hits="0" branch="false"/><line number="457" hits="0" branch="false"/><line number="459" hits="0" branch="false"/><line number="460" hits="0" branch="false"/><line number="461" hits="0" branch="false"/><line number="462" hits="0" branch="false"/><line number="465" hits="0" branch="false"/><line number="466" hits="0" branch="false"/><line number="467" hits="0" branch="false"/><line number="471" hits="0" branch="false"/><line number="472" hits="0" branch="false"/><line number="478" hits="0" branch="false"/><line number="480" hits="0" branch="false"/><line number="481" hits="0" branch="false"/><line number="484" hits="0" branch="false"/><line number="486" hits="0" branch="false"/><line number="487" hits="0" branch="false"/><line number="490" hits="0" branch="false"/><line number="492" hits="0" branch="false"/><line number="493" hits="0" branch="false"/><line number="494" hits="0" branch="false"/><line number="495" hits="0" branch="false"/><line number="497" hits="0" branch="false"/><line number="499" hits="0" branch="false"/><line number="504" hits="0" branch="false"/><line number="506" hits="0" branch="false"/><line number="507" hits="0" branch="false"/><line number="508" hits="0" branch="false"/><line number="509" hits="0" branch="false"/><line number="510" hits="0" branch="false"/><line number="511" hits="0" branch="false"/><line number="513" hits="0" branch="false"/><line number="514" hits="0" branch="false"/><line number="516" hits="0" branch="false"/><line number="517" hits="0" branch="false"/><line number="519" hits="0" branch="false"/><line number="522" hits="0" branch="false"/><line number="524" hits="0" branch="false"/><line number="525" hits="0" branch="false"/><line number="526" hits="0" branch="false"/><line number="527" hits="0" branch="false"/><line number="531" hits="0" branch="false"/><line number="532" hits="0" branch="false"/><line number="533" hits="0" branch="false"/><line number="537" hits="0" branch="false"/><line number="538" hits="0" branch="false"/><line number="544" hits="0" branch="false"/><line number="546" hits="0" branch="false"/><line number="547" hits="0" branch="false"/><line number="550" hits="0" branch="false"/><line number="552" hits="0" branch="false"/><line number="553" hits="0" branch="false"/><line number="554" hits="0" branch="false"/><line number="555" hits="0" branch="false"/><line number="558" hits="0" branch="false"/><line number="559" hits="0" branch="false"/><line number="560" hits="0" branch="false"/><line number="564" hits="0" branch="false"/><line number="565" hits="0" branch="false"/><line number="571" hits="0" branch="false"/><line number="573" hits="0" branch="false"/><line number="574" hits="0" branch="false"/></lines></class><class name="esp_modem_dce_cpp" filename="src/esp_modem_dce.cpp" line-rate="0.55" branch-rate="0.0" complexity="0.0"><methods/><lines><line number="19" hits="12" branch="false"/><line number="21" hits="12" branch="false"/><line number="22" hits="24" branch="false"/><line number="23" hits="36" branch="false"/><line number="24" hits="36" branch="false"/><line number="25" hits="0" branch="false"/><line number="27" hits="0" branch="false"/><line number="28" hits="0" branch="false"/><line number="29" hits="0" branch="false"/><line number="30" hits="0" branch="false"/><line number="31" hits="0" branch="false"/><line number="32" hits="0" branch="false"/><line number="33" hits="0" branch="false"/><line number="35" hits="0" branch="false"/><line number="40" hits="12" branch="false"/><line number="41" hits="24" branch="false"/><line number="42" hits="12" branch="false"/><line number="46" hits="24" branch="false"/><line number="47" hits="12" branch="false"/><line number="48" hits="0" branch="false"/><line number="53" hits="24" branch="false"/><line number="55" hits="24" branch="false"/><line number="58" hits="24" branch="false"/><line number="61" hits="24" branch="false"/><line number="64" hits="24" branch="false"/><line number="65" hits="24" branch="false"/><line number="73" hits="60" branch="false"/><line number="75" hits="60" branch="false"/><line number="76" hits="120" branch="false"/><line number="87" hits="60" branch="false"/><line number="89" hits="60" branch="false"/><line number="92" hits="24" branch="false"/><line number="93" hits="24" branch="false"/><line number="96" hits="18" branch="false"/><line number="97" hits="6" branch="false"/><line number="98" hits="6" branch="false"/><line number="99" hits="6" branch="false"/><line number="102" hits="6" branch="false"/><line number="103" hits="6" branch="false"/><line number="105" hits="12" branch="false"/><line number="106" hits="0" branch="false"/><line number="107" hits="0" branch="false"/><line number="109" hits="12" branch="false"/><line number="110" hits="12" branch="false"/><line number="111" hits="12" branch="false"/><line number="112" hits="12" branch="false"/><line number="115" hits="6" branch="false"/><line number="118" hits="6" branch="false"/><line number="119" hits="6" branch="false"/><line number="120" hits="24" branch="false"/><line number="121" hits="24" branch="false"/><line number="124" hits="18" branch="false"/><line number="125" hits="18" branch="false"/><line number="127" hits="18" branch="false"/><line number="130" hits="18" branch="false"/><line number="131" hits="18" branch="false"/><line number="132" hits="0" branch="false"/><line number="133" hits="0" branch="false"/><line number="136" hits="0" branch="false"/><line number="137" hits="0" branch="false"/><line number="139" hits="0" branch="false"/><line number="142" hits="0" branch="false"/><line number="143" hits="0" branch="false"/><line number="144" hits="0" branch="false"/><line number="145" hits="0" branch="false"/><line number="148" hits="0" branch="false"/><line number="151" hits="0" branch="false"/><line number="152" hits="0" branch="false"/><line number="153" hits="0" branch="false"/><line number="154" hits="0" branch="false"/><line number="157" hits="0" branch="false"/><line number="158" hits="0" branch="false"/><line number="161" hits="0" branch="false"/><line number="162" hits="0" branch="false"/><line number="165" hits="0" branch="false"/><line number="166" hits="0" branch="false"/><line number="167" hits="0" branch="false"/><line number="170" hits="0" branch="false"/><line number="175" hits="0" branch="false"/><line number="177" hits="0" branch="false"/></lines></class><class name="esp_modem_dte_cpp" filename="src/esp_modem_dte.cpp" line-rate="0.6216216216216216" branch-rate="0.0" complexity="0.0"><methods/><lines><line number="17" hits="0" branch="false"/><line number="18" hits="0" branch="false"/><line number="19" hits="0" branch="false"/><line number="20" hits="0" branch="false"/><line number="22" hits="60" branch="false"/><line number="24" hits="120" branch="false"/><line number="25" hits="120" branch="false"/><line number="27" hits="6246" branch="false"/><line number="29" hits="6246" branch="false"/><line number="30" hits="6246" branch="false"/><line number="31" hits="6246" branch="false"/><line number="32" hits="21069" branch="false"/><line number="33" hits="1671" branch="false"/><line number="34" hits="1623" branch="false"/><line number="35" hits="3246" branch="false"/><line number="37" hits="48" branch="false"/><line number="39" hits="3342" branch="false"/><line number="40" hits="1419" branch="false"/><line number="41" hits="1419" branch="false"/><line number="42" hits="1416" branch="false"/><line number="43" hits="1416" branch="false"/><line number="46" hits="510" branch="false"/><line number="47" hits="255" branch="false"/><line number="48" hits="6246" branch="false"/><line number="49" hits="24984" branch="false"/><line number="50" hits="6246" branch="false"/><line number="51" hits="6246" branch="false"/><line number="52" hits="0" branch="false"/><line number="54" hits="6246" branch="false"/><line number="55" hits="18738" branch="false"/><line number="56" hits="12492" branch="false"/><line number="59" hits="6246" branch="false"/><line number="61" hits="12486" branch="false"/><line number="64" hits="6" branch="false"/><line number="66" hits="12" branch="false"/><line number="69" hits="12" branch="false"/><line number="71" hits="6" branch="false"/><line number="72" hits="6" branch="false"/><line number="73" hits="6" branch="false"/><line number="74" hits="6" branch="false"/><line number="77" hits="18" branch="false"/><line number="79" hits="18" branch="false"/><line number="80" hits="36" branch="false"/><line number="83" hits="36" branch="false"/><line number="86" hits="18" branch="false"/><line number="87" hits="36" branch="false"/><line number="90" hits="18" branch="false"/><line number="91" hits="18" branch="false"/><line number="94" hits="66" branch="false"/><line number="97" hits="66" branch="false"/><line number="98" hits="18" branch="false"/><line number="99" hits="18" branch="false"/><line number="100" hits="18" branch="false"/><line number="101" hits="18" branch="false"/><line number="103" hits="0" branch="false"/><line number="104" hits="0" branch="false"/><line number="108" hits="48" branch="false"/><line number="109" hits="24" branch="false"/><line number="111" hits="18" branch="false"/><line number="113" hits="6" branch="false"/><line number="115" hits="24" branch="false"/><line number="118" hits="24" branch="false"/><line number="119" hits="24" branch="false"/><line number="120" hits="6" branch="false"/><line number="121" hits="6" branch="false"/><line number="122" hits="6" branch="false"/><line number="124" hits="0" branch="false"/><line number="125" hits="0" branch="false"/><line number="126" hits="18" branch="false"/><line number="129" hits="18" branch="false"/><line number="130" hits="18" branch="false"/><line number="134" hits="0" branch="false"/><line number="135" hits="0" branch="false"/><line number="136" hits="0" branch="false"/><line number="137" hits="0" branch="false"/><line number="139" hits="0" branch="false"/><line number="140" hits="0" branch="false"/><line number="143" hits="0" branch="false"/><line number="144" hits="0" branch="false"/><line number="145" hits="0" branch="false"/><line number="146" hits="0" branch="false"/><line number="148" hits="0" branch="false"/><line number="149" hits="0" branch="false"/><line number="152" hits="0" branch="false"/><line number="153" hits="0" branch="false"/><line number="154" hits="0" branch="false"/><line number="156" hits="0" branch="false"/><line number="157" hits="0" branch="false"/><line number="160" hits="66" branch="false"/><line number="162" hits="66" branch="false"/><line number="163" hits="66" branch="false"/><line number="164" hits="0" branch="false"/><line number="165" hits="0" branch="false"/><line number="166" hits="0" branch="false"/><line number="168" hits="0" branch="false"/><line number="169" hits="0" branch="false"/><line number="172" hits="66" branch="false"/><line number="173" hits="66" branch="false"/><line number="175" hits="0" branch="false"/><line number="177" hits="0" branch="false"/><line number="178" hits="0" branch="false"/><line number="181" hits="0" branch="false"/><line number="183" hits="0" branch="false"/><line number="184" hits="0" branch="false"/><line number="185" hits="0" branch="false"/><line number="186" hits="0" branch="false"/><line number="187" hits="0" branch="false"/><line number="190" hits="0" branch="false"/><line number="192" hits="0" branch="false"/><line number="198" hits="60" branch="false"/><line number="199" hits="60" branch="false"/></lines></class><class name="esp_modem_factory_cpp" filename="src/esp_modem_factory.cpp" line-rate="0.0" branch-rate="0.0" complexity="0.0"><methods/><lines><line number="15" hits="0" branch="false"/><line number="17" hits="0" branch="false"/><line number="18" hits="0" branch="false"/><line number="21" hits="0" branch="false"/><line number="23" hits="0" branch="false"/><line number="26" hits="0" branch="false"/><line number="28" hits="0" branch="false"/><line number="37" hits="0" branch="false"/><line number="39" hits="0" branch="false"/></lines></class><class name="esp_modem_modules_cpp" filename="src/esp_modem_modules.cpp" line-rate="0.2631578947368421" branch-rate="0.0" complexity="0.0"><methods/><lines><line number="13" hits="48" branch="false"/><line number="14" hits="96" branch="false"/><line number="38" hits="360" branch="false"/><line number="45" hits="6" branch="false"/><line number="47" hits="12" branch="false"/><line number="50" hits="0" branch="false"/><line number="52" hits="0" branch="false"/><line number="55" hits="0" branch="false"/><line number="57" hits="0" branch="false"/><line number="60" hits="0" branch="false"/><line number="62" hits="0" branch="false"/><line number="65" hits="0" branch="false"/><line number="67" hits="0" branch="false"/><line number="70" hits="0" branch="false"/><line number="72" hits="0" branch="false"/><line number="75" hits="0" branch="false"/><line number="77" hits="0" branch="false"/><line number="80" hits="0" branch="false"/><line number="82" hits="0" branch="false"/></lines></class><class name="esp_modem_netif_linux_cpp" filename="src/esp_modem_netif_linux.cpp" line-rate="0.56" branch-rate="0.0" complexity="0.0"><methods/><lines><line number="13" hits="0" branch="false"/><line number="18" hits="0" branch="false"/><line number="20" hits="0" branch="false"/><line number="21" hits="0" branch="false"/><line number="22" hits="0" branch="false"/><line number="25" hits="0" branch="false"/><line number="27" hits="0" branch="false"/><line number="30" hits="0" branch="false"/><line number="32" hits="0" branch="false"/><line number="35" hits="42" branch="false"/><line number="36" hits="84" branch="false"/><line number="38" hits="24" branch="false"/><line number="40" hits="48" branch="false"/><line number="41" hits="0" branch="false"/><line number="42" hits="0" branch="false"/><line number="44" hits="24" branch="false"/><line number="45" hits="24" branch="false"/><line number="46" hits="24" branch="false"/><line number="47" hits="24" branch="false"/><line number="49" hits="18" branch="false"/><line number="51" hits="54" branch="false"/><line number="52" hits="18" branch="false"/><line number="53" hits="18" branch="false"/><line number="57" hits="18" branch="false"/><line number="59" hits="18" branch="false"/></lines></class><class name="esp_modem_primitives_linux_cpp" filename="src/esp_modem_primitives_linux.cpp" line-rate="0.6388888888888888" branch-rate="0.0" complexity="0.0"><methods/><lines><line number="13" hits="174" branch="false"/><line number="20" hits="174" branch="false"/><line number="22" hits="174" branch="false"/><line number="24" hits="2856" branch="false"/><line number="26" hits="5712" branch="false"/><line number="27" hits="2856" branch="false"/><line number="28" hits="5712" branch="false"/><line number="29" hits="2856" branch="false"/><line number="31" hits="6264" branch="false"/><line number="33" hits="12528" branch="false"/><line number="34" hits="6264" branch="false"/><line number="35" hits="12528" branch="false"/><line number="36" hits="6264" branch="false"/><line number="38" hits="6258" branch="false"/><line number="40" hits="12516" branch="false"/><line number="41" hits="6258" branch="false"/><line number="42" hits="10818" branch="false"/><line number="44" hits="1383" branch="false"/><line number="45" hits="1383" branch="false"/><line number="48" hits="18774" branch="false"/><line number="53" hits="0" branch="false"/><line number="55" hits="0" branch="false"/><line number="56" hits="0" branch="false"/><line number="59" hits="0" branch="false"/><line number="61" hits="0" branch="false"/><line number="62" hits="0" branch="false"/><line number="67" hits="0" branch="false"/><line number="69" hits="0" branch="false"/><line number="72" hits="0" branch="false"/><line number="74" hits="0" branch="false"/><line number="77" hits="0" branch="false"/><line number="79" hits="0" branch="false"/><line number="81" hits="0" branch="false"/><line number="84" hits="20418" branch="false"/><line number="86" hits="20418" branch="false"/><line number="87" hits="20418" branch="false"/></lines></class><class name="esp_modem_term_fs_cpp" filename="src/esp_modem_term_fs.cpp" line-rate="0.0" branch-rate="0.0" complexity="0.0"><methods/><lines><line number="20" hits="0" branch="false"/><line number="21" hits="0" branch="false"/><line number="26" hits="0" branch="false"/><line number="27" hits="0" branch="false"/><line number="41" hits="0" branch="false"/><line number="43" hits="0" branch="false"/><line number="46" hits="0" branch="false"/><line number="48" hits="0" branch="false"/><line number="55" hits="0" branch="false"/><line number="57" hits="0" branch="false"/><line number="58" hits="0" branch="false"/><line number="74" hits="0" branch="false"/><line number="76" hits="0" branch="false"/><line number="83" hits="0" branch="false"/><line number="85" hits="0" branch="false"/><line number="90" hits="0" branch="false"/><line number="93" hits="0" branch="false"/><line number="95" hits="0" branch="false"/><line number="96" hits="0" branch="false"/><line number="97" hits="0" branch="false"/><line number="98" hits="0" branch="false"/><line number="99" hits="0" branch="false"/><line number="102" hits="0" branch="false"/><line number="103" hits="0" branch="false"/><line number="104" hits="0" branch="false"/><line number="105" hits="0" branch="false"/><line number="109" hits="0" branch="false"/><line number="110" hits="0" branch="false"/><line number="112" hits="0" branch="false"/><line number="113" hits="0" branch="false"/><line number="114" hits="0" branch="false"/><line number="115" hits="0" branch="false"/><line number="118" hits="0" branch="false"/><line number="120" hits="0" branch="false"/><line number="123" hits="0" branch="false"/><line number="124" hits="0" branch="false"/><line number="125" hits="0" branch="false"/><line number="126" hits="0" branch="false"/><line number="131" hits="0" branch="false"/><line number="135" hits="0" branch="false"/><line number="137" hits="0" branch="false"/><line number="138" hits="0" branch="false"/><line number="139" hits="0" branch="false"/><line number="140" hits="0" branch="false"/><line number="142" hits="0" branch="false"/><line number="148" hits="0" branch="false"/><line number="150" hits="0" branch="false"/><line number="151" hits="0" branch="false"/><line number="152" hits="0" branch="false"/><line number="153" hits="0" branch="false"/><line number="158" hits="0" branch="false"/><line number="160" hits="0" branch="false"/></lines></class><class name="esp_modem_uart_linux_cpp" filename="src/esp_modem_uart_linux.cpp" line-rate="0.0" branch-rate="0.0" complexity="0.0"><methods/><lines><line number="18" hits="0" branch="false"/><line number="20" hits="0" branch="false"/><line number="21" hits="0" branch="false"/><line number="22" hits="0" branch="false"/><line number="24" hits="0" branch="false"/><line number="25" hits="0" branch="false"/><line number="26" hits="0" branch="false"/><line number="27" hits="0" branch="false"/><line number="28" hits="0" branch="false"/><line number="29" hits="0" branch="false"/><line number="30" hits="0" branch="false"/><line number="31" hits="0" branch="false"/><line number="32" hits="0" branch="false"/><line number="33" hits="0" branch="false"/><line number="34" hits="0" branch="false"/><line number="35" hits="0" branch="false"/><line number="36" hits="0" branch="false"/><line number="37" hits="0" branch="false"/><line number="38" hits="0" branch="false"/><line number="39" hits="0" branch="false"/><line number="40" hits="0" branch="false"/><line number="41" hits="0" branch="false"/><line number="42" hits="0" branch="false"/></lines></class><class name="esp_modem_vfs_socket_creator_cpp" filename="src/esp_modem_vfs_socket_creator.cpp" line-rate="0.0" branch-rate="0.0" complexity="0.0"><methods/><lines><line number="29" hits="0" branch="false"/><line number="31" hits="0" branch="false"/><line number="32" hits="0" branch="false"/><line number="33" hits="0" branch="false"/><line number="34" hits="0" branch="false"/><line number="35" hits="0" branch="false"/><line number="36" hits="0" branch="false"/><line number="38" hits="0" branch="false"/><line number="39" hits="0" branch="false"/><line number="40" hits="0" branch="false"/><line number="42" hits="0" branch="false"/><line number="44" hits="0" branch="false"/><line number="45" hits="0" branch="false"/><line number="46" hits="0" branch="false"/><line number="47" hits="0" branch="false"/><line number="48" hits="0" branch="false"/><line number="51" hits="0" branch="false"/><line number="52" hits="0" branch="false"/><line number="53" hits="0" branch="false"/><line number="54" hits="0" branch="false"/><line number="55" hits="0" branch="false"/><line number="57" hits="0" branch="false"/><line number="58" hits="0" branch="false"/><line number="59" hits="0" branch="false"/><line number="60" hits="0" branch="false"/><line number="63" hits="0" branch="false"/><line number="64" hits="0" branch="false"/><line number="65" hits="0" branch="false"/><line number="66" hits="0" branch="false"/><line number="72" hits="0" branch="false"/><line number="74" hits="0" branch="false"/><line number="75" hits="0" branch="false"/><line number="79" hits="0" branch="false"/><line number="81" hits="0" branch="false"/><line number="84" hits="0" branch="false"/><line number="95" hits="0" branch="false"/></lines></class><class name="esp_modem_vfs_uart_creator_cpp" filename="src/esp_modem_vfs_uart_creator.cpp" line-rate="0.0" branch-rate="0.0" complexity="0.0"><methods/><lines><line number="20" hits="0" branch="false"/><line number="22" hits="0" branch="false"/><line number="28" hits="0" branch="false"/><line number="30" hits="0" branch="false"/><line number="31" hits="0" branch="false"/><line number="33" hits="0" branch="false"/><line number="36" hits="0" branch="false"/><line number="38" hits="0" branch="false"/><line number="41" hits="0" branch="false"/></lines></class></classes></package></packages></coverage>